
Database             Time                 Version
-------------------- -------------------- ------------------------------
Start: ORCL          27-MAY-2019 06:52:18 Version 18.3.0.0.0

Create lib and app
old   1: CREATE USER &DEMO_USER IDENTIFIED BY &DEMO_USER
new   1: CREATE USER lib IDENTIFIED BY lib

User created.

old   1: GRANT CREATE SESSION TO &DEMO_USER
new   1: GRANT CREATE SESSION TO lib

Grant succeeded.

old   1: GRANT ALTER SESSION TO &DEMO_USER
new   1: GRANT ALTER SESSION TO lib

Grant succeeded.

old   1: GRANT CREATE TABLE TO &DEMO_USER
new   1: GRANT CREATE TABLE TO lib

Grant succeeded.

old   1: GRANT CREATE TYPE TO &DEMO_USER
new   1: GRANT CREATE TYPE TO lib

Grant succeeded.

old   1: GRANT CREATE PUBLIC SYNONYM TO &DEMO_USER
new   1: GRANT CREATE PUBLIC SYNONYM TO lib

Grant succeeded.

old   1: GRANT DROP PUBLIC SYNONYM TO &DEMO_USER
new   1: GRANT DROP PUBLIC SYNONYM TO lib

Grant succeeded.

old   1: GRANT CREATE SYNONYM TO &DEMO_USER
new   1: GRANT CREATE SYNONYM TO lib

Grant succeeded.

old   1: GRANT CREATE SEQUENCE TO &DEMO_USER
new   1: GRANT CREATE SEQUENCE TO lib

Grant succeeded.

old   1: GRANT CREATE VIEW TO &DEMO_USER
new   1: GRANT CREATE VIEW TO lib

Grant succeeded.

old   1: GRANT UNLIMITED TABLESPACE TO &DEMO_USER
new   1: GRANT UNLIMITED TABLESPACE TO lib

Grant succeeded.

old   1: GRANT CREATE PROCEDURE TO &DEMO_USER
new   1: GRANT CREATE PROCEDURE TO lib

Grant succeeded.

old   1: GRANT SELECT ON v_$database to &DEMO_USER
new   1: GRANT SELECT ON v_$database to lib

Grant succeeded.

old   1: CREATE USER &DEMO_USER IDENTIFIED BY &DEMO_USER
new   1: CREATE USER app IDENTIFIED BY app

User created.

old   1: GRANT CREATE SESSION TO &DEMO_USER
new   1: GRANT CREATE SESSION TO app

Grant succeeded.

old   1: GRANT ALTER SESSION TO &DEMO_USER
new   1: GRANT ALTER SESSION TO app

Grant succeeded.

old   1: GRANT CREATE TABLE TO &DEMO_USER
new   1: GRANT CREATE TABLE TO app

Grant succeeded.

old   1: GRANT CREATE TYPE TO &DEMO_USER
new   1: GRANT CREATE TYPE TO app

Grant succeeded.

old   1: GRANT CREATE PUBLIC SYNONYM TO &DEMO_USER
new   1: GRANT CREATE PUBLIC SYNONYM TO app

Grant succeeded.

old   1: GRANT DROP PUBLIC SYNONYM TO &DEMO_USER
new   1: GRANT DROP PUBLIC SYNONYM TO app

Grant succeeded.

old   1: GRANT CREATE SYNONYM TO &DEMO_USER
new   1: GRANT CREATE SYNONYM TO app

Grant succeeded.

old   1: GRANT CREATE SEQUENCE TO &DEMO_USER
new   1: GRANT CREATE SEQUENCE TO app

Grant succeeded.

old   1: GRANT CREATE VIEW TO &DEMO_USER
new   1: GRANT CREATE VIEW TO app

Grant succeeded.

old   1: GRANT UNLIMITED TABLESPACE TO &DEMO_USER
new   1: GRANT UNLIMITED TABLESPACE TO app

Grant succeeded.

old   1: GRANT CREATE PROCEDURE TO &DEMO_USER
new   1: GRANT CREATE PROCEDURE TO app

Grant succeeded.

old   1: GRANT SELECT ON v_$database to &DEMO_USER
new   1: GRANT SELECT ON v_$database to app

Grant succeeded.

Create directory input_dir

Directory created.

Grant all on input_dir to PUBLIC

Grant succeeded.

Grant UTL_File and DBMS_Lock to PUBLIC

Grant succeeded.


Grant succeeded.


'END:'||TO_CHAR(SYSDATE,'DD-MON-YY
----------------------------------
End: 27-MAY-2019 06:52:18

