
Database             Time                 Version
-------------------- -------------------- ------------------------------
Start: FREE          26-OCT-2024 13:12:47 Version 23.4.0.24.05

Objects in schema app created within last minute

OBJECT_TYPE             OBJECT_NAME                    STATUS
----------------------- ------------------------------ -------
PACKAGE                 COL_GROUP                      VALID
PACKAGE BODY            COL_GROUP                      VALID
SYNONYM                 CHR_INT_ARR                    VALID
SYNONYM                 CHR_INT_REC                    VALID
SYNONYM                 L1_CHR_ARR                     VALID
SYNONYM                 L1_NUM_ARR                     VALID
SYNONYM                 L2_CHR_ARR                     VALID
SYNONYM                 L3_CHR_ARR                     VALID
SYNONYM                 L4_CHR_ARR                     VALID
SYNONYM                 TRAPIT                         VALID
SYNONYM                 TRAPIT_RUN                     VALID
SYNONYM                 UTILS                          VALID
TABLE                   LINES_ET                       VALID

13 rows selected.


'END:'||TO_CHAR(SYSDATE,'DD-MON-YY
----------------------------------
End: 26-OCT-2024 13:12:47

