
Database             Time                 Version
-------------------- -------------------- ------------------------------
Start: ORCL          29-SEP-2019 08:29:55 Version 18.3.0.0.0

Example of Utils.Heading, .Col_Headers, .List_To_Line, .W (VARCHAR2), .W (L1_chr_arr)
                          p_value_lis => chr_int_arr(chr_int_rec(p_res_arr(i).chr_value, 30),
                                                                 *
ERROR at line 17:
ORA-06550: line 17, column 66:
PLS-00201: identifier 'P_RES_ARR' must be declared
ORA-06550: line 16, column 5:
PL/SQL: Statement ignored


Example of Utils.View_To_List

CSV
------------------------------------------------------------
CHR_INT_ARR|86625|29-SEP-19|2019-09-29:08:29:34
CHR_INT_REC|86624|29-SEP-19|2019-09-29:08:29:34
COL_GROUP|86628|29-SEP-19|2019-09-29:08:29:34
COL_GROUP|86629|29-SEP-19|2019-09-29:08:29:34
L1_CHR_ARR|86622|29-SEP-19|2019-09-29:08:29:34
L1_NUM_ARR|86623|29-SEP-19|2019-09-29:08:29:34
LINES_ET|86627|29-SEP-19|2019-09-29:08:29:34
UTILS|86626|29-SEP-19|2019-09-29:08:29:34

8 rows selected.

Example of Utils.Cursor_To_List, .Split_Values, .Join_Values (list), .Join_Values (scalars)
.
Utils.Cursor_To_List on user_objects...
=======================================
L1_CHR_ARR|86622|29-SEP-19|2019-09-29:08:29:34
L1_NUM_ARR|86623|29-SEP-19|2019-09-29:08:29:34
CHR_INT_REC|86624|29-SEP-19|2019-09-29:08:29:34
CHR_INT_ARR|86625|29-SEP-19|2019-09-29:08:29:34
UTILS|86626|29-SEP-19|2019-09-29:08:29:34
LINES_ET|86627|29-SEP-19|2019-09-29:08:29:34
COL_GROUP|86628|29-SEP-19|2019-09-29:08:29:34
COL_GROUP|86629|29-SEP-19|2019-09-29:08:29:34
.
Utils.Split_Values on first line...
===================================
L1_CHR_ARR
86622
29-SEP-19
2019-09-29:08:29:34
.
Utils.Join_Values on first line, passing list, with "," delimiter...
====================================================================
L1_CHR_ARR,86622,29-SEP-19,2019-09-29:08:29:34
.
Utils.Join_Values on first line, passing first three values...
==============================================================
L1_CHR_ARR|86622|29-SEP-19

PL/SQL procedure successfully completed.

Example of Utils.Sleep, .IntervalDS_To_Seconds, sleeping for 1.2s of which 0.36s CPU
Elapsed time is 1.199
CPU time is .36
DECLARE
*
ERROR at line 1:
ORA-20000: Example of raising error via Raise_Error
ORA-06512: at "LIB.UTILS", line 374
ORA-06512: at line 10



'END:'||TO_CHAR(SYSDATE,'DD-MON-YY
----------------------------------
End: 29-SEP-2019 08:29:56

