
Database             Time                 Version
-------------------- -------------------- ------------------------------
Start: FREE          26-OCT-2024 13:13:51 Version 23.4.0.24.05

Example of Utils.Heading, .Col_Headers, .List_To_Line, .W (VARCHAR2), .W (L1_chr_arr)
Sort_By_Value
=============
Team                             Apps
------------------------------  -----
team_name_1                         1
Wolves                             31
Blackburn                          33
Bolton                             37
Arsenal                           534
Aston Villa                       685
Wigan                            1036
Man City                         1099
Southampton                      1110
West Ham                         1126
Chelsea                          1147
Everton                          1147
Sunderland                       1162
Reading                          1167
Stoke City                       1170
Swansea                          1180
Fulham                           1209
West Brom                        1219
Liverpool                        1227
Norwich                          1229
Man Utd                          1231
Newcastle                        1247
Tottenham                        1288
QPR                              1517

PL/SQL procedure successfully completed.

Example of Utils.View_To_List

CSV
------------------------------------------------------------
CHR_INT_ARR|91717|26-OCT-24|2024-10-26:13:12:47
CHR_INT_REC|91716|26-OCT-24|2024-10-26:13:12:47
COL_GROUP|91720|26-OCT-24|2024-10-26:13:12:47
COL_GROUP|91721|26-OCT-24|2024-10-26:13:12:47
L1_CHR_ARR|91714|26-OCT-24|2024-10-26:13:12:47
L1_NUM_ARR|91715|26-OCT-24|2024-10-26:13:12:47
L2_CHR_ARR|91707|26-OCT-24|2024-10-26:13:12:46
L3_CHR_ARR|91708|26-OCT-24|2024-10-26:13:12:46
L4_CHR_ARR|91709|26-OCT-24|2024-10-26:13:12:46
LINES_ET|91719|26-OCT-24|2024-10-26:13:12:47
TRAPIT_RUN|91711|26-OCT-24|2024-10-26:13:12:46
TRAPIT|91710|26-OCT-24|2024-10-26:13:12:46
UTILS|91718|26-OCT-24|2024-10-26:13:12:47

13 rows selected.

Example of Utils.Cursor_To_List, .Split_Values, .Join_Values (list), .Join_Values (scalars)
.
Utils.Cursor_To_List on user_objects...
=======================================
CHR_INT_ARR|91717|26-OCT-24|2024-10-26:13:12:47
CHR_INT_REC|91716|26-OCT-24|2024-10-26:13:12:47
COL_GROUP|91720|26-OCT-24|2024-10-26:13:12:47
COL_GROUP|91721|26-OCT-24|2024-10-26:13:12:47
L1_CHR_ARR|91714|26-OCT-24|2024-10-26:13:12:47
L1_NUM_ARR|91715|26-OCT-24|2024-10-26:13:12:47
L2_CHR_ARR|91707|26-OCT-24|2024-10-26:13:12:46
L3_CHR_ARR|91708|26-OCT-24|2024-10-26:13:12:46
L4_CHR_ARR|91709|26-OCT-24|2024-10-26:13:12:46
LINES_ET|91719|26-OCT-24|2024-10-26:13:12:47
TRAPIT|91710|26-OCT-24|2024-10-26:13:12:46
TRAPIT_RUN|91711|26-OCT-24|2024-10-26:13:12:46
UTILS|91718|26-OCT-24|2024-10-26:13:12:47
.
Utils.Prep_Cursor, .Pipe_Cursor on user_objects...
==================================================
Cursor prepared, now fetch...
CHR_INT_ARR|91717|26-OCT-24|2024-10-26:13:12:47
CHR_INT_REC|91716|26-OCT-24|2024-10-26:13:12:47
COL_GROUP|91720|26-OCT-24|2024-10-26:13:12:47
COL_GROUP|91721|26-OCT-24|2024-10-26:13:12:47
L1_CHR_ARR|91714|26-OCT-24|2024-10-26:13:12:47
L1_NUM_ARR|91715|26-OCT-24|2024-10-26:13:12:47
L2_CHR_ARR|91707|26-OCT-24|2024-10-26:13:12:46
L3_CHR_ARR|91708|26-OCT-24|2024-10-26:13:12:46
L4_CHR_ARR|91709|26-OCT-24|2024-10-26:13:12:46
LINES_ET|91719|26-OCT-24|2024-10-26:13:12:47
TRAPIT|91710|26-OCT-24|2024-10-26:13:12:46
TRAPIT_RUN|91711|26-OCT-24|2024-10-26:13:12:46
UTILS|91718|26-OCT-24|2024-10-26:13:12:47
.
Utils.Split_Values on first line...
===================================
CHR_INT_ARR
91717
26-OCT-24
2024-10-26:13:12:47
.
Utils.Join_Values on first line, passing list, with "," delimiter...
====================================================================
CHR_INT_ARR,91717,26-OCT-24,2024-10-26:13:12:47
.
Utils.Join_Values on first line, passing first three values...
==============================================================
CHR_INT_ARR|91717|26-OCT-24

PL/SQL procedure successfully completed.

Example of Utils.Sleep, .IntervalDS_To_Seconds, sleeping for 1.2s of which 0.36s CPU
Elapsed time is 1.211851
CPU time is .12
DECLARE
*
ERROR at line 1:
ORA-20000: Example of raising error via Raise_Error
ORA-06512: at "LIB.UTILS", line 465
ORA-06512: at line 10


Example of Utils.Get_XPlan
SQL_ID  70kqmd0bdntty, child number 0
-------------------------------------
SELECT /*+ gather_plan_statistics XPLAN_MARKER_CG */ 1 FROM DUAL
Plan hash value: 1388734953
-------------------------------------------------------------------------
| Id  | Operation        | Name | Starts | E-Rows | A-Rows |   A-Time   |
-------------------------------------------------------------------------
|   0 | SELECT STATEMENT |      |      1 |        |      1 |00:00:00.01 |
|   1 |  FAST DUAL       |      |      1 |      1 |      1 |00:00:00.01 |
-------------------------------------------------------------------------
SQL_ID  70kqmd0bdntty, child number 0
-------------------------------------
SELECT /*+ gather_plan_statistics XPLAN_MARKER_CG */ 1 FROM DUAL
Plan hash value: 1388734953
-----------------------------------------------------------------
| Id  | Operation        | Name | Rows  | Cost (%CPU)| Time     |
-----------------------------------------------------------------
|   0 | SELECT STATEMENT |      |       |     2 (100)|          |
|   1 |  FAST DUAL       |      |     1 |     2   (0)| 00:00:01 |
-----------------------------------------------------------------
Outline Data
-------------
/*+
BEGIN_OUTLINE_DATA
IGNORE_OPTIM_EMBEDDED_HINTS
OPTIMIZER_FEATURES_ENABLE('23.1.0')
DB_VERSION('23.1.0')
ALL_ROWS
OUTLINE_LEAF(@"SEL$1")
END_OUTLINE_DATA
*/
Hint Report (identified by operation id / Query Block Name / Object Alias):
Total hints for statement: 1 (E - Syntax error (1))
---------------------------------------------------------------------------
1 -  SEL$1
E -  XPLAN_MARKER_CG

PL/SQL procedure successfully completed.

Example of Utils.Write_File, .Read_File, .Delete_File
First, create and write lines to a file, example_file.txt...
============================================================
Next, read the contents of the file and write them to log...
============================================================
Lines read...
=============
Line one
Line two
Finally, delete the file...
===========================

PL/SQL procedure successfully completed.


'END:'||TO_CHAR(SYSDATE,'DD-MON-YY
----------------------------------
End: 26-OCT-2024 13:13:54

