
Database             Time                 Version
-------------------- -------------------- ------------------------------
Start: FREE          26-OCT-2024 13:12:46 Version 23.4.0.24.05

Drop table tt_units
DROP TABLE tt_units
           *
ERROR at line 1:
ORA-00942: table or view "LIB"."TT_UNITS" does not exist
Help: https://docs.oracle.com/error-help/db/ora-00942/


Common type creation
====================
DROP TYPE L4_chr_arr
*
ERROR at line 1:
ORA-04043: Object L4_CHR_ARR does not exist.
Help: https://docs.oracle.com/error-help/db/ora-04043/


DROP TYPE L3_chr_arr
*
ERROR at line 1:
ORA-04043: Object L3_CHR_ARR does not exist.
Help: https://docs.oracle.com/error-help/db/ora-04043/


Create type L2_chr_arr

Type created.

Create type L3_chr_arr

Type created.

Create type L4_chr_arr

Type created.

Table creation
==============
Create table tt_units
tt_units

Table created.


Comment created.


Context created.

Create package Trapit

Package created.

No errors.

Package body created.

No errors.
Create package Trapit_Run

Package created.

No errors.

Package body created.

No errors.
Grant access to app (skip if none passed)

PL/SQL procedure successfully completed.

Granting Trapit components to app..
old   1: GRANT EXECUTE ON L2_chr_arr TO &app
new   1: GRANT EXECUTE ON L2_chr_arr TO app

Grant succeeded.

old   1: GRANT EXECUTE ON L3_chr_arr TO &app
new   1: GRANT EXECUTE ON L3_chr_arr TO app

Grant succeeded.

old   1: GRANT EXECUTE ON L4_chr_arr TO &app
new   1: GRANT EXECUTE ON L4_chr_arr TO app

Grant succeeded.

old   1: GRANT EXECUTE ON Trapit TO &app
new   1: GRANT EXECUTE ON Trapit TO app

Grant succeeded.

old   1: GRANT EXECUTE ON Trapit_Run TO &app
new   1: GRANT EXECUTE ON Trapit_Run TO app

Grant succeeded.


'END:'||TO_CHAR(SYSDATE,'DD-MON-YY
----------------------------------
End: 26-OCT-2024 13:12:46

